\BOOKMARK [1][-]{title.1}{Title Page}{}% 1
\BOOKMARK [1][-]{abstract.1}{Abstract}{}% 2
\BOOKMARK [1][-]{section.1}{Introduction}{}% 3
\BOOKMARK [1][-]{section.2}{Related Work}{}% 4
\BOOKMARK [2][-]{subsection.2.1}{Research Area Overview}{section.2}% 5
\BOOKMARK [2][-]{subsection.2.2}{Research-Related Work}{section.2}% 6
\BOOKMARK [1][-]{section.3}{Thesis Statement}{}% 7
\BOOKMARK [1][-]{section.4}{Project Description}{}% 8
\BOOKMARK [2][-]{subsection.4.1}{Structure}{section.4}% 9
\BOOKMARK [3][-]{subsubsection.4.1.1}{Global Structure}{subsection.4.1}% 10
\BOOKMARK [3][-]{subsubsection.4.1.2}{Substructure}{subsection.4.1}% 11
\BOOKMARK [2][-]{subsection.4.2}{Inspiring Idea}{section.4}% 12
\BOOKMARK [2][-]{subsection.4.3}{Lyrics}{section.4}% 13
\BOOKMARK [2][-]{subsection.4.4}{Harmony}{section.4}% 14
\BOOKMARK [2][-]{subsection.4.5}{Melody}{section.4}% 15
\BOOKMARK [3][-]{subsubsection.4.5.1}{Rhythm}{subsection.4.5}% 16
\BOOKMARK [3][-]{subsubsection.4.5.2}{Pitch}{subsection.4.5}% 17
\BOOKMARK [2][-]{subsection.4.6}{Voicing}{section.4}% 18
\BOOKMARK [2][-]{subsection.4.7}{Data}{section.4}% 19
\BOOKMARK [1][-]{section.5}{Validation}{}% 20
\BOOKMARK [1][-]{section.6}{Thesis Schedule}{}% 21
