This is pdfTeX, Version 3.14159265-2.6-1.40.17 (TeX Live 2016) (preloaded format=pdflatex 2016.5.22)  25 JUL 2018 10:22
entering extended mode
 restricted \write18 enabled.
 file:line:error style messages enabled.
 %&-line parsing enabled.
**main.tex
(./main.tex
LaTeX2e <2016/03/31>
Babel <3.9r> and hyphenation patterns for 83 language(s) loaded.
(./byumsphd.cls
Document Class: byumsphd 2007/03/10 BYU LaTeX MS/PhD Class
Ignoring option ``letterpaper''
(/usr/local/texlive/2016/texmf-dist/tex/latex/base/report.cls
Document Class: report 2014/09/29 v1.4h Standard LaTeX document class
(/usr/local/texlive/2016/texmf-dist/tex/latex/base/size12.clo
File: size12.clo 2014/09/29 v1.4h Standard LaTeX file (size option)
)
\c@part=\count79
\c@chapter=\count80
\c@section=\count81
\c@subsection=\count82
\c@subsubsection=\count83
\c@paragraph=\count84
\c@subparagraph=\count85
\c@figure=\count86
\c@table=\count87
\abovecaptionskip=\skip41
\belowcaptionskip=\skip42
\bibindent=\dimen102
)
(/usr/local/texlive/2016/texmf-dist/tex/latex/setspace/setspace.sty
Package: setspace 2011/12/19 v6.7a set line spacing
)
(/usr/local/texlive/2016/texmf-dist/tex/latex/geometry/geometry.sty
Package: geometry 2010/09/12 v5.6 Page Geometry

(/usr/local/texlive/2016/texmf-dist/tex/latex/graphics/keyval.sty
Package: keyval 2014/10/28 v1.15 key=value parser (DPC)
\KV@toks@=\toks14
)
(/usr/local/texlive/2016/texmf-dist/tex/generic/oberdiek/ifpdf.sty
Package: ifpdf 2016/05/14 v3.1 Provides the ifpdf switch
)
(/usr/local/texlive/2016/texmf-dist/tex/generic/oberdiek/ifvtex.sty
Package: ifvtex 2016/05/16 v1.6 Detect VTeX and its facilities (HO)
Package ifvtex Info: VTeX not detected.
)
(/usr/local/texlive/2016/texmf-dist/tex/generic/ifxetex/ifxetex.sty
Package: ifxetex 2010/09/12 v0.6 Provides ifxetex conditional
)
\Gm@cnth=\count88
\Gm@cntv=\count89
\c@Gm@tempcnt=\count90
\Gm@bindingoffset=\dimen103
\Gm@wd@mp=\dimen104
\Gm@odd@mp=\dimen105
\Gm@even@mp=\dimen106
\Gm@layoutwidth=\dimen107
\Gm@layoutheight=\dimen108
\Gm@layouthoffset=\dimen109
\Gm@layoutvoffset=\dimen110
\Gm@dimlist=\toks15
)
\@assumedcharwidth=\skip43
\@defaultindent=\skip44
\@blankline=\skip45
\@prefacemargingapsingle=\skip46
\@prefacemargingapdouble=\skip47
\c@toclistings=\count91
)
(/usr/local/texlive/2016/texmf-dist/tex/latex/hyperref/hyperref.sty
Package: hyperref 2016/05/05 v6.83n Hypertext links for LaTeX

(/usr/local/texlive/2016/texmf-dist/tex/generic/oberdiek/hobsub-hyperref.sty
Package: hobsub-hyperref 2016/05/16 v1.14 Bundle oberdiek, subset hyperref (HO)


(/usr/local/texlive/2016/texmf-dist/tex/generic/oberdiek/hobsub-generic.sty
Package: hobsub-generic 2016/05/16 v1.14 Bundle oberdiek, subset generic (HO)
Package: hobsub 2016/05/16 v1.14 Construct package bundles (HO)
Package: infwarerr 2016/05/16 v1.4 Providing info/warning/error messages (HO)
Package: ltxcmds 2016/05/16 v1.23 LaTeX kernel commands for general use (HO)
Package: ifluatex 2016/05/16 v1.4 Provides the ifluatex switch (HO)
Package ifluatex Info: LuaTeX not detected.
Package hobsub Info: Skipping package `ifvtex' (already loaded).
Package: intcalc 2016/05/16 v1.2 Expandable calculations with integers (HO)
Package hobsub Info: Skipping package `ifpdf' (already loaded).
Package: etexcmds 2016/05/16 v1.6 Avoid name clashes with e-TeX commands (HO)
Package etexcmds Info: Could not find \expanded.
(etexcmds)             That can mean that you are not using pdfTeX 1.50 or
(etexcmds)             that some package has redefined \expanded.
(etexcmds)             In the latter case, load this package earlier.
Package: kvsetkeys 2016/05/16 v1.17 Key value parser (HO)
Package: kvdefinekeys 2016/05/16 v1.4 Define keys (HO)
Package: pdftexcmds 2016/05/10 v0.21 Utility functions of pdfTeX for LuaTeX (HO
)
Package pdftexcmds Info: LuaTeX not detected.
Package pdftexcmds Info: \pdf@primitive is available.
Package pdftexcmds Info: \pdf@ifprimitive is available.
Package pdftexcmds Info: \pdfdraftmode found.
Package: pdfescape 2016/05/16 v1.14 Implements pdfTeX's escape features (HO)
Package: bigintcalc 2016/05/16 v1.4 Expandable calculations on big integers (HO
)
Package: bitset 2016/05/16 v1.2 Handle bit-vector datatype (HO)
Package: uniquecounter 2016/05/16 v1.3 Provide unlimited unique counter (HO)
)
Package hobsub Info: Skipping package `hobsub' (already loaded).
Package: letltxmacro 2016/05/16 v1.5 Let assignment for LaTeX macros (HO)
Package: hopatch 2016/05/16 v1.3 Wrapper for package hooks (HO)
Package: xcolor-patch 2016/05/16 xcolor patch
Package: atveryend 2016/05/16 v1.9 Hooks at the very end of document (HO)
Package atveryend Info: \enddocument detected (standard20110627).
Package: atbegshi 2016/05/16 v1.17 At begin shipout hook (HO)
Package: refcount 2016/05/16 v3.5 Data extraction from label references (HO)
Package: hycolor 2016/05/16 v1.8 Color options for hyperref/bookmark (HO)
)
(/usr/local/texlive/2016/texmf-dist/tex/latex/oberdiek/auxhook.sty
Package: auxhook 2016/05/16 v1.4 Hooks for auxiliary files (HO)
)
(/usr/local/texlive/2016/texmf-dist/tex/latex/oberdiek/kvoptions.sty
Package: kvoptions 2016/05/16 v3.12 Key value format for package options (HO)
)
\@linkdim=\dimen111
\Hy@linkcounter=\count92
\Hy@pagecounter=\count93

(/usr/local/texlive/2016/texmf-dist/tex/latex/hyperref/pd1enc.def
File: pd1enc.def 2016/05/05 v6.83n Hyperref: PDFDocEncoding definition (HO)
)
\Hy@SavedSpaceFactor=\count94

(/usr/local/texlive/2016/texmf-dist/tex/latex/latexconfig/hyperref.cfg
File: hyperref.cfg 2002/06/06 v1.2 hyperref configuration of TeXLive
)
Package hyperref Info: Option `bookmarks' set `true' on input line 4322.
Package hyperref Info: Option `bookmarksnumbered' set `true' on input line 4322
.
Package hyperref Info: Option `breaklinks' set `false' on input line 4322.
Package hyperref Info: Option `raiselinks' set `true' on input line 4322.
Package hyperref Info: Option `colorlinks' set `false' on input line 4322.
Package hyperref Info: Option `plainpages' set `false' on input line 4322.
Package hyperref Info: Hyper figures OFF on input line 4446.
Package hyperref Info: Link nesting OFF on input line 4451.
Package hyperref Info: Hyper index ON on input line 4454.
Package hyperref Info: Plain pages OFF on input line 4461.
Package hyperref Info: Backreferencing OFF on input line 4466.
Package hyperref Info: Implicit mode ON; LaTeX internals redefined.
Package hyperref Info: Bookmarks ON on input line 4691.
\c@Hy@tempcnt=\count95

(/usr/local/texlive/2016/texmf-dist/tex/latex/url/url.sty
\Urlmuskip=\muskip10
Package: url 2013/09/16  ver 3.4  Verb mode for urls, etc.
)
LaTeX Info: Redefining \url on input line 5044.
\XeTeXLinkMargin=\dimen112
\Fld@menulength=\count96
\Field@Width=\dimen113
\Fld@charsize=\dimen114
Package hyperref Info: Hyper figures OFF on input line 6298.
Package hyperref Info: Link nesting OFF on input line 6303.
Package hyperref Info: Hyper index ON on input line 6306.
Package hyperref Info: backreferencing OFF on input line 6313.
Package hyperref Info: Link coloring OFF on input line 6318.
Package hyperref Info: Link coloring with OCG OFF on input line 6323.
Package hyperref Info: PDF/A mode OFF on input line 6328.
LaTeX Info: Redefining \ref on input line 6368.
LaTeX Info: Redefining \pageref on input line 6372.
\Hy@abspage=\count97
\c@Item=\count98
\c@Hfootnote=\count99
)

Package hyperref Message: Driver (autodetected): hpdftex.

(/usr/local/texlive/2016/texmf-dist/tex/latex/hyperref/hpdftex.def
File: hpdftex.def 2016/05/05 v6.83n Hyperref driver for pdfTeX
\Fld@listcount=\count100
\c@bookmark@seq@number=\count101

(/usr/local/texlive/2016/texmf-dist/tex/latex/oberdiek/rerunfilecheck.sty
Package: rerunfilecheck 2016/05/16 v1.8 Rerun checks for auxiliary files (HO)
Package uniquecounter Info: New unique counter `rerunfilecheck' on input line 2
82.
)
\Hy@SectionHShift=\skip48
)
(/usr/local/texlive/2016/texmf-dist/tex/latex/oberdiek/hypcap.sty
Package: hypcap 2016/05/16 v1.12 Adjusting the anchors of captions (HO)
)
(/usr/local/texlive/2016/texmf-dist/tex/latex/natbib/natbib.sty
Package: natbib 2010/09/13 8.31b (PWD, AO)
\bibhang=\skip49
\bibsep=\skip50
LaTeX Info: Redefining \cite on input line 694.
\c@NAT@ctr=\count102
)
(/usr/local/texlive/2016/texmf-dist/tex/latex/microtype/microtype.sty
Package: microtype 2016/05/14 v2.6a Micro-typographical refinements (RS)
\MT@toks=\toks16
\MT@count=\count103
LaTeX Info: Redefining \textls on input line 774.
\MT@outer@kern=\dimen115
LaTeX Info: Redefining \textmicrotypecontext on input line 1310.
\MT@listname@count=\count104

(/usr/local/texlive/2016/texmf-dist/tex/latex/microtype/microtype-pdftex.def
File: microtype-pdftex.def 2016/05/14 v2.6a Definitions specific to pdftex (RS)

LaTeX Info: Redefining \lsstyle on input line 916.
LaTeX Info: Redefining \lslig on input line 916.
\MT@outer@space=\skip51
)
Package microtype Info: Loading configuration file microtype.cfg.

(/usr/local/texlive/2016/texmf-dist/tex/latex/microtype/microtype.cfg
File: microtype.cfg 2016/05/14 v2.6a microtype main configuration file (RS)
))
(/usr/local/texlive/2016/texmf-dist/tex/latex/xcolor/xcolor.sty
Package: xcolor 2016/05/11 v2.12 LaTeX color extensions (UK)

(/usr/local/texlive/2016/texmf-dist/tex/latex/graphics-cfg/color.cfg
File: color.cfg 2016/01/02 v1.6 sample color configuration
)
Package xcolor Info: Driver file: pdftex.def on input line 225.

(/usr/local/texlive/2016/texmf-dist/tex/latex/pdftex-def/pdftex.def
File: pdftex.def 2011/05/27 v0.06d Graphics/color for pdfTeX
\Gread@gobject=\count105
)
Package xcolor Info: Model `cmy' substituted by `cmy0' on input line 1348.
Package xcolor Info: Model `hsb' substituted by `rgb' on input line 1352.
Package xcolor Info: Model `RGB' extended on input line 1364.
Package xcolor Info: Model `HTML' substituted by `rgb' on input line 1366.
Package xcolor Info: Model `Hsb' substituted by `hsb' on input line 1367.
Package xcolor Info: Model `tHsb' substituted by `hsb' on input line 1368.
Package xcolor Info: Model `HSB' substituted by `hsb' on input line 1369.
Package xcolor Info: Model `Gray' substituted by `gray' on input line 1370.
Package xcolor Info: Model `wave' substituted by `hsb' on input line 1371.
)
(/usr/local/texlive/2016/texmf-dist/tex/latex/soul/soul.sty
Package: soul 2003/11/17 v2.4 letterspacing/underlining (mf)
\SOUL@word=\toks17
\SOUL@lasttoken=\toks18
\SOUL@cmds=\toks19
\SOUL@buffer=\toks20
\SOUL@token=\toks21
\SOUL@spaceskip=\skip52
\SOUL@ttwidth=\dimen116
\SOUL@uldp=\dimen117
\SOUL@ulht=\dimen118
)
(/usr/local/texlive/2016/texmf-dist/tex/latex/base/inputenc.sty
Package: inputenc 2015/03/17 v1.2c Input encoding file
\inpenc@prehook=\toks22
\inpenc@posthook=\toks23

(/usr/local/texlive/2016/texmf-dist/tex/latex/base/utf8.def
File: utf8.def 2016/02/28 v1.1s UTF-8 support for inputenc
Now handling font encoding OML ...
... no UTF-8 mapping file for font encoding OML
Now handling font encoding T1 ...
... processing UTF-8 mapping file for font encoding T1

(/usr/local/texlive/2016/texmf-dist/tex/latex/base/t1enc.dfu
File: t1enc.dfu 2016/02/28 v1.1s UTF-8 support for inputenc
   defining Unicode char U+00A0 (decimal 160)
   defining Unicode char U+00A1 (decimal 161)
   defining Unicode char U+00A3 (decimal 163)
   defining Unicode char U+00AB (decimal 171)
   defining Unicode char U+00AD (decimal 173)
   defining Unicode char U+00BB (decimal 187)
   defining Unicode char U+00BF (decimal 191)
   defining Unicode char U+00C0 (decimal 192)
   defining Unicode char U+00C1 (decimal 193)
   defining Unicode char U+00C2 (decimal 194)
   defining Unicode char U+00C3 (decimal 195)
   defining Unicode char U+00C4 (decimal 196)
   defining Unicode char U+00C5 (decimal 197)
   defining Unicode char U+00C6 (decimal 198)
   defining Unicode char U+00C7 (decimal 199)
   defining Unicode char U+00C8 (decimal 200)
   defining Unicode char U+00C9 (decimal 201)
   defining Unicode char U+00CA (decimal 202)
   defining Unicode char U+00CB (decimal 203)
   defining Unicode char U+00CC (decimal 204)
   defining Unicode char U+00CD (decimal 205)
   defining Unicode char U+00CE (decimal 206)
   defining Unicode char U+00CF (decimal 207)
   defining Unicode char U+00D0 (decimal 208)
   defining Unicode char U+00D1 (decimal 209)
   defining Unicode char U+00D2 (decimal 210)
   defining Unicode char U+00D3 (decimal 211)
   defining Unicode char U+00D4 (decimal 212)
   defining Unicode char U+00D5 (decimal 213)
   defining Unicode char U+00D6 (decimal 214)
   defining Unicode char U+00D8 (decimal 216)
   defining Unicode char U+00D9 (decimal 217)
   defining Unicode char U+00DA (decimal 218)
   defining Unicode char U+00DB (decimal 219)
   defining Unicode char U+00DC (decimal 220)
   defining Unicode char U+00DD (decimal 221)
   defining Unicode char U+00DE (decimal 222)
   defining Unicode char U+00DF (decimal 223)
   defining Unicode char U+00E0 (decimal 224)
   defining Unicode char U+00E1 (decimal 225)
   defining Unicode char U+00E2 (decimal 226)
   defining Unicode char U+00E3 (decimal 227)
   defining Unicode char U+00E4 (decimal 228)
   defining Unicode char U+00E5 (decimal 229)
   defining Unicode char U+00E6 (decimal 230)
   defining Unicode char U+00E7 (decimal 231)
   defining Unicode char U+00E8 (decimal 232)
   defining Unicode char U+00E9 (decimal 233)
   defining Unicode char U+00EA (decimal 234)
   defining Unicode char U+00EB (decimal 235)
   defining Unicode char U+00EC (decimal 236)
   defining Unicode char U+00ED (decimal 237)
   defining Unicode char U+00EE (decimal 238)
   defining Unicode char U+00EF (decimal 239)
   defining Unicode char U+00F0 (decimal 240)
   defining Unicode char U+00F1 (decimal 241)
   defining Unicode char U+00F2 (decimal 242)
   defining Unicode char U+00F3 (decimal 243)
   defining Unicode char U+00F4 (decimal 244)
   defining Unicode char U+00F5 (decimal 245)
   defining Unicode char U+00F6 (decimal 246)
   defining Unicode char U+00F8 (decimal 248)
   defining Unicode char U+00F9 (decimal 249)
   defining Unicode char U+00FA (decimal 250)
   defining Unicode char U+00FB (decimal 251)
   defining Unicode char U+00FC (decimal 252)
   defining Unicode char U+00FD (decimal 253)
   defining Unicode char U+00FE (decimal 254)
   defining Unicode char U+00FF (decimal 255)
   defining Unicode char U+0100 (decimal 256)
   defining Unicode char U+0101 (decimal 257)
   defining Unicode char U+0102 (decimal 258)
   defining Unicode char U+0103 (decimal 259)
   defining Unicode char U+0104 (decimal 260)
   defining Unicode char U+0105 (decimal 261)
   defining Unicode char U+0106 (decimal 262)
   defining Unicode char U+0107 (decimal 263)
   defining Unicode char U+0108 (decimal 264)
   defining Unicode char U+0109 (decimal 265)
   defining Unicode char U+010A (decimal 266)
   defining Unicode char U+010B (decimal 267)
   defining Unicode char U+010C (decimal 268)
   defining Unicode char U+010D (decimal 269)
   defining Unicode char U+010E (decimal 270)
   defining Unicode char U+010F (decimal 271)
   defining Unicode char U+0110 (decimal 272)
   defining Unicode char U+0111 (decimal 273)
   defining Unicode char U+0112 (decimal 274)
   defining Unicode char U+0113 (decimal 275)
   defining Unicode char U+0114 (decimal 276)
   defining Unicode char U+0115 (decimal 277)
   defining Unicode char U+0116 (decimal 278)
   defining Unicode char U+0117 (decimal 279)
   defining Unicode char U+0118 (decimal 280)
   defining Unicode char U+0119 (decimal 281)
   defining Unicode char U+011A (decimal 282)
   defining Unicode char U+011B (decimal 283)
   defining Unicode char U+011C (decimal 284)
   defining Unicode char U+011D (decimal 285)
   defining Unicode char U+011E (decimal 286)
   defining Unicode char U+011F (decimal 287)
   defining Unicode char U+0120 (decimal 288)
   defining Unicode char U+0121 (decimal 289)
   defining Unicode char U+0122 (decimal 290)
   defining Unicode char U+0123 (decimal 291)
   defining Unicode char U+0124 (decimal 292)
   defining Unicode char U+0125 (decimal 293)
   defining Unicode char U+0128 (decimal 296)
   defining Unicode char U+0129 (decimal 297)
   defining Unicode char U+012A (decimal 298)
   defining Unicode char U+012B (decimal 299)
   defining Unicode char U+012C (decimal 300)
   defining Unicode char U+012D (decimal 301)
   defining Unicode char U+012E (decimal 302)
   defining Unicode char U+012F (decimal 303)
   defining Unicode char U+0130 (decimal 304)
   defining Unicode char U+0131 (decimal 305)
   defining Unicode char U+0132 (decimal 306)
   defining Unicode char U+0133 (decimal 307)
   defining Unicode char U+0134 (decimal 308)
   defining Unicode char U+0135 (decimal 309)
   defining Unicode char U+0136 (decimal 310)
   defining Unicode char U+0137 (decimal 311)
   defining Unicode char U+0139 (decimal 313)
   defining Unicode char U+013A (decimal 314)
   defining Unicode char U+013B (decimal 315)
   defining Unicode char U+013C (decimal 316)
   defining Unicode char U+013D (decimal 317)
   defining Unicode char U+013E (decimal 318)
   defining Unicode char U+0141 (decimal 321)
   defining Unicode char U+0142 (decimal 322)
   defining Unicode char U+0143 (decimal 323)
   defining Unicode char U+0144 (decimal 324)
   defining Unicode char U+0145 (decimal 325)
   defining Unicode char U+0146 (decimal 326)
   defining Unicode char U+0147 (decimal 327)
   defining Unicode char U+0148 (decimal 328)
   defining Unicode char U+014A (decimal 330)
   defining Unicode char U+014B (decimal 331)
   defining Unicode char U+014C (decimal 332)
   defining Unicode char U+014D (decimal 333)
   defining Unicode char U+014E (decimal 334)
   defining Unicode char U+014F (decimal 335)
   defining Unicode char U+0150 (decimal 336)
   defining Unicode char U+0151 (decimal 337)
   defining Unicode char U+0152 (decimal 338)
   defining Unicode char U+0153 (decimal 339)
   defining Unicode char U+0154 (decimal 340)
   defining Unicode char U+0155 (decimal 341)
   defining Unicode char U+0156 (decimal 342)
   defining Unicode char U+0157 (decimal 343)
   defining Unicode char U+0158 (decimal 344)
   defining Unicode char U+0159 (decimal 345)
   defining Unicode char U+015A (decimal 346)
   defining Unicode char U+015B (decimal 347)
   defining Unicode char U+015C (decimal 348)
   defining Unicode char U+015D (decimal 349)
   defining Unicode char U+015E (decimal 350)
   defining Unicode char U+015F (decimal 351)
   defining Unicode char U+0160 (decimal 352)
   defining Unicode char U+0161 (decimal 353)
   defining Unicode char U+0162 (decimal 354)
   defining Unicode char U+0163 (decimal 355)
   defining Unicode char U+0164 (decimal 356)
   defining Unicode char U+0165 (decimal 357)
   defining Unicode char U+0168 (decimal 360)
   defining Unicode char U+0169 (decimal 361)
   defining Unicode char U+016A (decimal 362)
   defining Unicode char U+016B (decimal 363)
   defining Unicode char U+016C (decimal 364)
   defining Unicode char U+016D (decimal 365)
   defining Unicode char U+016E (decimal 366)
   defining Unicode char U+016F (decimal 367)
   defining Unicode char U+0170 (decimal 368)
   defining Unicode char U+0171 (decimal 369)
   defining Unicode char U+0172 (decimal 370)
   defining Unicode char U+0173 (decimal 371)
   defining Unicode char U+0174 (decimal 372)
   defining Unicode char U+0175 (decimal 373)
   defining Unicode char U+0176 (decimal 374)
   defining Unicode char U+0177 (decimal 375)
   defining Unicode char U+0178 (decimal 376)
   defining Unicode char U+0179 (decimal 377)
   defining Unicode char U+017A (decimal 378)
   defining Unicode char U+017B (decimal 379)
   defining Unicode char U+017C (decimal 380)
   defining Unicode char U+017D (decimal 381)
   defining Unicode char U+017E (decimal 382)
   defining Unicode char U+01CD (decimal 461)
   defining Unicode char U+01CE (decimal 462)
   defining Unicode char U+01CF (decimal 463)
   defining Unicode char U+01D0 (decimal 464)
   defining Unicode char U+01D1 (decimal 465)
   defining Unicode char U+01D2 (decimal 466)
   defining Unicode char U+01D3 (decimal 467)
   defining Unicode char U+01D4 (decimal 468)
   defining Unicode char U+01E2 (decimal 482)
   defining Unicode char U+01E3 (decimal 483)
   defining Unicode char U+01E6 (decimal 486)
   defining Unicode char U+01E7 (decimal 487)
   defining Unicode char U+01E8 (decimal 488)
   defining Unicode char U+01E9 (decimal 489)
   defining Unicode char U+01EA (decimal 490)
   defining Unicode char U+01EB (decimal 491)
   defining Unicode char U+01F0 (decimal 496)
   defining Unicode char U+01F4 (decimal 500)
   defining Unicode char U+01F5 (decimal 501)
   defining Unicode char U+0218 (decimal 536)
   defining Unicode char U+0219 (decimal 537)
   defining Unicode char U+021A (decimal 538)
   defining Unicode char U+021B (decimal 539)
   defining Unicode char U+1E02 (decimal 7682)
   defining Unicode char U+1E03 (decimal 7683)
   defining Unicode char U+200C (decimal 8204)
   defining Unicode char U+2010 (decimal 8208)
   defining Unicode char U+2011 (decimal 8209)
   defining Unicode char U+2012 (decimal 8210)
   defining Unicode char U+2013 (decimal 8211)
   defining Unicode char U+2014 (decimal 8212)
   defining Unicode char U+2015 (decimal 8213)
   defining Unicode char U+2018 (decimal 8216)
   defining Unicode char U+2019 (decimal 8217)
   defining Unicode char U+201A (decimal 8218)
   defining Unicode char U+201C (decimal 8220)
   defining Unicode char U+201D (decimal 8221)
   defining Unicode char U+201E (decimal 8222)
   defining Unicode char U+2030 (decimal 8240)
   defining Unicode char U+2031 (decimal 8241)
   defining Unicode char U+2039 (decimal 8249)
   defining Unicode char U+203A (decimal 8250)
   defining Unicode char U+2423 (decimal 9251)
)
Now handling font encoding OT1 ...
... processing UTF-8 mapping file for font encoding OT1

(/usr/local/texlive/2016/texmf-dist/tex/latex/base/ot1enc.dfu
File: ot1enc.dfu 2016/02/28 v1.1s UTF-8 support for inputenc
   defining Unicode char U+00A0 (decimal 160)
   defining Unicode char U+00A1 (decimal 161)
   defining Unicode char U+00A3 (decimal 163)
   defining Unicode char U+00AD (decimal 173)
   defining Unicode char U+00B8 (decimal 184)
   defining Unicode char U+00BF (decimal 191)
   defining Unicode char U+00C5 (decimal 197)
   defining Unicode char U+00C6 (decimal 198)
   defining Unicode char U+00D8 (decimal 216)
   defining Unicode char U+00DF (decimal 223)
   defining Unicode char U+00E6 (decimal 230)
   defining Unicode char U+00EC (decimal 236)
   defining Unicode char U+00ED (decimal 237)
   defining Unicode char U+00EE (decimal 238)
   defining Unicode char U+00EF (decimal 239)
   defining Unicode char U+00F8 (decimal 248)
   defining Unicode char U+0131 (decimal 305)
   defining Unicode char U+0141 (decimal 321)
   defining Unicode char U+0142 (decimal 322)
   defining Unicode char U+0152 (decimal 338)
   defining Unicode char U+0153 (decimal 339)
   defining Unicode char U+0174 (decimal 372)
   defining Unicode char U+0175 (decimal 373)
   defining Unicode char U+0176 (decimal 374)
   defining Unicode char U+0177 (decimal 375)
   defining Unicode char U+0218 (decimal 536)
   defining Unicode char U+0219 (decimal 537)
   defining Unicode char U+021A (decimal 538)
   defining Unicode char U+021B (decimal 539)
   defining Unicode char U+2013 (decimal 8211)
   defining Unicode char U+2014 (decimal 8212)
   defining Unicode char U+2018 (decimal 8216)
   defining Unicode char U+2019 (decimal 8217)
   defining Unicode char U+201C (decimal 8220)
   defining Unicode char U+201D (decimal 8221)
)
Now handling font encoding OMS ...
... processing UTF-8 mapping file for font encoding OMS

(/usr/local/texlive/2016/texmf-dist/tex/latex/base/omsenc.dfu
File: omsenc.dfu 2016/02/28 v1.1s UTF-8 support for inputenc
   defining Unicode char U+00A7 (decimal 167)
   defining Unicode char U+00B6 (decimal 182)
   defining Unicode char U+00B7 (decimal 183)
   defining Unicode char U+2020 (decimal 8224)
   defining Unicode char U+2021 (decimal 8225)
   defining Unicode char U+2022 (decimal 8226)
)
Now handling font encoding OMX ...
... no UTF-8 mapping file for font encoding OMX
Now handling font encoding U ...
... no UTF-8 mapping file for font encoding U
Now handling font encoding PD1 ...
... no UTF-8 mapping file for font encoding PD1
   defining Unicode char U+00A9 (decimal 169)
   defining Unicode char U+00AA (decimal 170)
   defining Unicode char U+00AE (decimal 174)
   defining Unicode char U+00BA (decimal 186)
   defining Unicode char U+02C6 (decimal 710)
   defining Unicode char U+02DC (decimal 732)
   defining Unicode char U+200C (decimal 8204)
   defining Unicode char U+2026 (decimal 8230)
   defining Unicode char U+2122 (decimal 8482)
   defining Unicode char U+2423 (decimal 9251)
))
(/usr/local/texlive/2016/texmf-dist/tex/latex/caption/caption.sty
Package: caption 2016/02/21 v3.3-144 Customizing captions (AR)

(/usr/local/texlive/2016/texmf-dist/tex/latex/caption/caption3.sty
Package: caption3 2016/02/04 v1.7-139 caption3 kernel (AR)
Package caption3 Info: TeX engine: e-TeX on input line 67.
\captionmargin=\dimen119
\captionmargin@=\dimen120
\captionwidth=\dimen121
\caption@tempdima=\dimen122
\caption@indent=\dimen123
\caption@parindent=\dimen124
\caption@hangindent=\dimen125
)
\c@ContinuedFloat=\count106
Package caption Info: hyperref package is loaded.
Package caption Info: hypcap package is loaded.
)
(/usr/local/texlive/2016/texmf-dist/tex/latex/algorithmicx/algpseudocode.sty
Package: algpseudocode 

(/usr/local/texlive/2016/texmf-dist/tex/latex/base/ifthen.sty
Package: ifthen 2014/09/29 v1.1c Standard LaTeX ifthen package (DPC)
)
(/usr/local/texlive/2016/texmf-dist/tex/latex/algorithmicx/algorithmicx.sty
Package: algorithmicx 2005/04/27 v1.2 Algorithmicx

Document Style algorithmicx 1.2 - a greatly improved `algorithmic' style
\c@ALG@line=\count107
\c@ALG@rem=\count108
\c@ALG@nested=\count109
\ALG@tlm=\skip53
\ALG@thistlm=\skip54
\c@ALG@Lnr=\count110
\c@ALG@blocknr=\count111
\c@ALG@storecount=\count112
\c@ALG@tmpcounter=\count113
\ALG@tmplength=\skip55
)
Document Style - pseudocode environments for use with the `algorithmicx' style
) (/usr/local/texlive/2016/texmf-dist/tex/latex/algorithms/algorithm.sty
Package: algorithm 2009/08/24 v0.1 Document Style `algorithm' - floating enviro
nment

(/usr/local/texlive/2016/texmf-dist/tex/latex/float/float.sty
Package: float 2001/11/08 v1.3d Float enhancements (AL)
\c@float@type=\count114
\float@exts=\toks24
\float@box=\box26
\@float@everytoks=\toks25
\@floatcapt=\box27
)
\@float@every@algorithm=\toks26
\c@algorithm=\count115
)
(/usr/local/texlive/2016/texmf-dist/tex/latex/amsfonts/euscript.sty
Package: euscript 2009/06/22 v3.00 Euler Script fonts
LaTeX Font Info:    Overwriting math alphabet `\EuScript' in version `bold'
(Font)                  U/eus/m/n --> U/eus/b/n on input line 33.
)
(/usr/local/texlive/2016/texmf-dist/tex/latex/amsfonts/amssymb.sty
Package: amssymb 2013/01/14 v3.01 AMS font symbols

(/usr/local/texlive/2016/texmf-dist/tex/latex/amsfonts/amsfonts.sty
Package: amsfonts 2013/01/14 v3.01 Basic AMSFonts support
\@emptytoks=\toks27
\symAMSa=\mathgroup4
\symAMSb=\mathgroup5
LaTeX Font Info:    Overwriting math alphabet `\mathfrak' in version `bold'
(Font)                  U/euf/m/n --> U/euf/b/n on input line 106.
))
(/usr/local/texlive/2016/texmf-dist/tex/latex/graphics/graphicx.sty
Package: graphicx 2014/10/28 v1.0g Enhanced LaTeX Graphics (DPC,SPQR)

(/usr/local/texlive/2016/texmf-dist/tex/latex/graphics/graphics.sty
Package: graphics 2016/05/09 v1.0r Standard LaTeX Graphics (DPC,SPQR)

(/usr/local/texlive/2016/texmf-dist/tex/latex/graphics/trig.sty
Package: trig 2016/01/03 v1.10 sin cos tan (DPC)
)
(/usr/local/texlive/2016/texmf-dist/tex/latex/graphics-cfg/graphics.cfg
File: graphics.cfg 2016/01/02 v1.10 sample graphics configuration
)
Package graphics Info: Driver file: pdftex.def on input line 96.
)
\Gin@req@height=\dimen126
\Gin@req@width=\dimen127
)
(/usr/local/texlive/2016/texmf-dist/tex/latex/amsmath/amsmath.sty
Package: amsmath 2016/03/10 v2.15b AMS math features
\@mathmargin=\skip56

For additional information on amsmath, use the `?' option.
(/usr/local/texlive/2016/texmf-dist/tex/latex/amsmath/amstext.sty
Package: amstext 2000/06/29 v2.01 AMS text

(/usr/local/texlive/2016/texmf-dist/tex/latex/amsmath/amsgen.sty
File: amsgen.sty 1999/11/30 v2.0 generic functions
\@emptytoks=\toks28
\ex@=\dimen128
))
(/usr/local/texlive/2016/texmf-dist/tex/latex/amsmath/amsbsy.sty
Package: amsbsy 1999/11/29 v1.2d Bold Symbols
\pmbraise@=\dimen129
)
(/usr/local/texlive/2016/texmf-dist/tex/latex/amsmath/amsopn.sty
Package: amsopn 2016/03/08 v2.02 operator names
)
\inf@bad=\count116
LaTeX Info: Redefining \frac on input line 199.
\uproot@=\count117
\leftroot@=\count118
LaTeX Info: Redefining \overline on input line 297.
\classnum@=\count119
\DOTSCASE@=\count120
LaTeX Info: Redefining \ldots on input line 394.
LaTeX Info: Redefining \dots on input line 397.
LaTeX Info: Redefining \cdots on input line 518.
\Mathstrutbox@=\box28
\strutbox@=\box29
\big@size=\dimen130
LaTeX Font Info:    Redeclaring font encoding OML on input line 634.
LaTeX Font Info:    Redeclaring font encoding OMS on input line 635.
\macc@depth=\count121
\c@MaxMatrixCols=\count122
\dotsspace@=\muskip11
\c@parentequation=\count123
\dspbrk@lvl=\count124
\tag@help=\toks29
\row@=\count125
\column@=\count126
\maxfields@=\count127
\andhelp@=\toks30
\eqnshift@=\dimen131
\alignsep@=\dimen132
\tagshift@=\dimen133
\tagwidth@=\dimen134
\totwidth@=\dimen135
\lineht@=\dimen136
\@envbody=\toks31
\multlinegap=\skip57
\multlinetaggap=\skip58
\mathdisplay@stack=\toks32
LaTeX Info: Redefining \[ on input line 2739.
LaTeX Info: Redefining \] on input line 2740.
)
(/usr/local/texlive/2016/texmf-dist/tex/latex/caption/subcaption.sty
Package: subcaption 2016/02/20 v1.1-142 Sub-captions (AR)
\c@subfigure=\count128
\c@subtable=\count129
)
(/usr/local/texlive/2016/texmf-dist/tex/latex/tools/array.sty
Package: array 2014/10/28 v2.4c Tabular extension package (FMi)
\col@sep=\dimen137
\extrarowheight=\dimen138
\NC@list=\toks33
\extratabsurround=\skip59
\backup@length=\skip60
)
(/usr/local/texlive/2016/texmf-dist/tex/latex/booktabs/booktabs.sty
Package: booktabs 2016/04/27 v1.618033 publication quality tables
\heavyrulewidth=\dimen139
\lightrulewidth=\dimen140
\cmidrulewidth=\dimen141
\belowrulesep=\dimen142
\belowbottomsep=\dimen143
\aboverulesep=\dimen144
\abovetopsep=\dimen145
\cmidrulesep=\dimen146
\cmidrulekern=\dimen147
\defaultaddspace=\dimen148
\@cmidla=\count130
\@cmidlb=\count131
\@aboverulesep=\dimen149
\@belowrulesep=\dimen150
\@thisruleclass=\count132
\@lastruleclass=\count133
\@thisrulewidth=\dimen151
)
(/usr/local/texlive/2016/texmf-dist/tex/latex/multirow/multirow.sty
\bigstrutjot=\dimen152
)
(./main.aux

LaTeX Warning: Label `fig:graphical_model' multiply defined.

)
\openout1 = `main.aux'.

LaTeX Font Info:    Checking defaults for OML/cmm/m/it on input line 280.
LaTeX Font Info:    ... okay on input line 280.
LaTeX Font Info:    Checking defaults for T1/cmr/m/n on input line 280.
LaTeX Font Info:    ... okay on input line 280.
LaTeX Font Info:    Checking defaults for OT1/cmr/m/n on input line 280.
LaTeX Font Info:    ... okay on input line 280.
LaTeX Font Info:    Checking defaults for OMS/cmsy/m/n on input line 280.
LaTeX Font Info:    ... okay on input line 280.
LaTeX Font Info:    Checking defaults for OMX/cmex/m/n on input line 280.
LaTeX Font Info:    ... okay on input line 280.
LaTeX Font Info:    Checking defaults for U/cmr/m/n on input line 280.
LaTeX Font Info:    ... okay on input line 280.
LaTeX Font Info:    Checking defaults for PD1/pdf/m/n on input line 280.
LaTeX Font Info:    ... okay on input line 280.

*geometry* driver: auto-detecting
*geometry* detected driver: pdftex
*geometry* verbose mode - [ preamble ] result:
* driver: pdftex
* paper: letterpaper
* layout: <same size as paper>
* layoutoffset:(h,v)=(0.0pt,0.0pt)
* hratio: 1:1
* modes: 
* h-part:(L,W,R)=(72.27pt, 469.75499pt, 72.27pt)
* v-part:(T,H,B)=(72.26999pt, 650.43001pt, 72.26999pt)
* \paperwidth=614.295pt
* \paperheight=794.96999pt
* \textwidth=469.75499pt
* \textheight=650.43001pt
* \oddsidemargin=0.00002pt
* \evensidemargin=0.00002pt
* \topmargin=-37.0pt
* \headheight=12.0pt
* \headsep=25.0pt
* \topskip=12.0pt
* \footskip=30.0pt
* \marginparwidth=44.0pt
* \marginparsep=10.0pt
* \columnsep=10.0pt
* \skip\footins=10.8pt plus 4.0pt minus 2.0pt
* \hoffset=0.0pt
* \voffset=0.0pt
* \mag=1000
* \@twocolumnfalse
* \@twosidefalse
* \@mparswitchfalse
* \@reversemarginfalse
* (1in=72.27pt=25.4mm, 1cm=28.453pt)

\AtBeginShipoutBox=\box30
Package hyperref Info: Link coloring OFF on input line 280.
(/usr/local/texlive/2016/texmf-dist/tex/latex/hyperref/nameref.sty
Package: nameref 2012/10/27 v2.43 Cross-referencing by name of section

(/usr/local/texlive/2016/texmf-dist/tex/generic/oberdiek/gettitlestring.sty
Package: gettitlestring 2016/05/16 v1.5 Cleanup title references (HO)
)
\c@section@level=\count134
)
LaTeX Info: Redefining \ref on input line 280.
LaTeX Info: Redefining \pageref on input line 280.
LaTeX Info: Redefining \nameref on input line 280.

(./main.out) (./main.out)
\@outlinefile=\write3
\openout3 = `main.out'.

LaTeX Info: Redefining \microtypecontext on input line 280.
Package microtype Info: Generating PDF output.
Package microtype Info: Character protrusion enabled (level 2).
Package microtype Info: Using default protrusion set `alltext'.
Package microtype Info: Automatic font expansion enabled (level 2),
(microtype)             stretch: 20, shrink: 20, step: 1, non-selected.
Package microtype Info: Using default expansion set `basictext'.
Package microtype Info: No adjustment of tracking.
Package microtype Info: No adjustment of interword spacing.
Package microtype Info: No adjustment of character kerning.

(/usr/local/texlive/2016/texmf-dist/tex/latex/microtype/mt-cmr.cfg
File: mt-cmr.cfg 2013/05/19 v2.2 microtype config. file: Computer Modern Roman 
(RS)
)
(/usr/local/texlive/2016/texmf-dist/tex/context/base/mkii/supp-pdf.mkii
[Loading MPS to PDF converter (version 2006.09.02).]
\scratchcounter=\count135
\scratchdimen=\dimen153
\scratchbox=\box31
\nofMPsegments=\count136
\nofMParguments=\count137
\everyMPshowfont=\toks34
\MPscratchCnt=\count138
\MPscratchDim=\dimen154
\MPnumerator=\count139
\makeMPintoPDFobject=\count140
\everyMPtoPDFconversion=\toks35
)
Package caption Info: Begin \AtBeginDocument code.
Package caption Info: float package is loaded.
Package caption Info: End \AtBeginDocument code.
 (/usr/local/texlive/2016/texmf-dist/tex/latex/oberdiek/epstopdf-base.sty
Package: epstopdf-base 2016/05/15 v2.6 Base part for package epstopdf

(/usr/local/texlive/2016/texmf-dist/tex/latex/oberdiek/grfext.sty
Package: grfext 2016/05/16 v1.2 Manage graphics extensions (HO)
)
Package grfext Info: Graphics extension search list:
(grfext)             [.png,.pdf,.jpg,.mps,.jpeg,.jbig2,.jb2,.PNG,.PDF,.JPG,.JPE
G,.JBIG2,.JB2,.eps]
(grfext)             \AppendGraphicsExtensions on input line 456.

(/usr/local/texlive/2016/texmf-dist/tex/latex/latexconfig/epstopdf-sys.cfg
File: epstopdf-sys.cfg 2010/07/13 v1.3 Configuration of (r)epstopdf for TeX Liv
e
))
LaTeX Font Info:    Try loading font information for OMS+cmr on input line 285.


(/usr/local/texlive/2016/texmf-dist/tex/latex/base/omscmr.fd
File: omscmr.fd 2014/09/29 v2.5h Standard LaTeX font definitions
)
LaTeX Font Info:    Font shape `OMS/cmr/m/n' in size <12> not available
(Font)              Font shape `OMS/cmsy/m/n' tried instead on input line 285.
 [1


{/usr/local/texlive/2016/texmf-var/fonts/map/pdftex/updmap/pdftex.map}] [2

] [3

] [4] [5]
(./main.toc
LaTeX Font Info:    Try loading font information for U+msa on input line 5.
 (/usr/local/texlive/2016/texmf-dist/tex/latex/amsfonts/umsa.fd
File: umsa.fd 2013/01/14 v3.01 AMS symbols A
)
(/usr/local/texlive/2016/texmf-dist/tex/latex/microtype/mt-msa.cfg
File: mt-msa.cfg 2006/02/04 v1.1 microtype config. file: AMS symbols (a) (RS)
)
LaTeX Font Info:    Try loading font information for U+msb on input line 5.

(/usr/local/texlive/2016/texmf-dist/tex/latex/amsfonts/umsb.fd
File: umsb.fd 2013/01/14 v3.01 AMS symbols B
)
(/usr/local/texlive/2016/texmf-dist/tex/latex/microtype/mt-msb.cfg
File: mt-msb.cfg 2005/06/01 v1.0 microtype config. file: AMS symbols (b) (RS)
) [6

]
[7])
\tf@toc=\write4
\openout4 = `main.toc'.

 [8] (./main.lof [9

]
Package microtype Info: Loading generic settings for font family
(microtype)             `cmtt' (encoding: OT1).
(microtype)             For optimal results, create family-specific settings.
(microtype)             See the microtype manual for details.
 [10] [11] [12] [13] [14] [15])
\tf@lof=\write5
\openout5 = `main.lof'.

 [16] (./main.lot
[17

])
\tf@lot=\write6
\openout6 = `main.lot'.

 [18]
Chapter 1.
[1


] [2]

LaTeX Warning: `h' float specifier changed to `ht'.

[3] [4] [5] [6]
Chapter 2.
[7

] [8] [9] [10] [11] [12]
<images/global_structure.jpeg, id=785, 1284.8pt x 481.8pt>
File: images/global_structure.jpeg Graphic file (type jpg)

<use images/global_structure.jpeg>
Package pdftex.def Info: images/global_structure.jpeg used on input line 456.
(pdftex.def)             Requested size: 469.75499pt x 176.15327pt.
 [13] [14 <./images/global_structure.jpeg>]
<images/segment_count_per_song.jpeg, id=803, 594.22pt x 144.54pt>
File: images/segment_count_per_song.jpeg Graphic file (type jpg)

<use images/segment_count_per_song.jpeg>
Package pdftex.def Info: images/segment_count_per_song.jpeg used on input line 
472.
(pdftex.def)             Requested size: 375.80542pt x 91.41576pt.

<images/segment_transitions.jpeg, id=804, 509.905pt x 509.905pt>
File: images/segment_transitions.jpeg Graphic file (type jpg)

<use images/segment_transitions.jpeg>
Package pdftex.def Info: images/segment_transitions.jpeg used on input line 478
.
(pdftex.def)             Requested size: 281.85585pt x 281.86467pt.
 [15 <./images/segment_count_per_song.jpeg>] [16 <./images/segment_transitions.
jpeg>] [17]
<images/measure_count_by_segment.jpeg, id=823, 768.8725pt x 305.14pt>
File: images/measure_count_by_segment.jpeg Graphic file (type jpg)

<use images/measure_count_by_segment.jpeg>
Package pdftex.def Info: images/measure_count_by_segment.jpeg used on input lin
e 504.
(pdftex.def)             Requested size: 469.75499pt x 186.4331pt.

<images/segment_structure.jpeg, id=824, 487.8225pt x 409.53pt>
File: images/segment_structure.jpeg Graphic file (type jpg)

<use images/segment_structure.jpeg>
Package pdftex.def Info: images/segment_structure.jpeg used on input line 510.
(pdftex.def)             Requested size: 328.82706pt x 276.05212pt.
 [18 <./images/measure_count_by_segment.jpeg>] [19 <./images/segment_structure.
jpeg>]
<images/harmony.jpeg, id=841, 419.5675pt x 449.68pt>
File: images/harmony.jpeg Graphic file (type jpg)
 <use images/harmony.jpeg>
Package pdftex.def Info: images/harmony.jpeg used on input line 526.
(pdftex.def)             Requested size: 281.85585pt x 302.08682pt.

[20] [21 <./images/harmony.jpeg>] [22]
<images/melody_rhythm.jpeg, id=872, 658.46pt x 443.6575pt>
File: images/melody_rhythm.jpeg Graphic file (type jpg)

<use images/melody_rhythm.jpeg>
Package pdftex.def Info: images/melody_rhythm.jpeg used on input line 560.
(pdftex.def)             Requested size: 234.87749pt x 158.25432pt.
 [23 <./images/melody_rhythm.jpeg>] [24]
[25] <images/example.png, id=902, 572.3784pt x 74.679pt>
File: images/example.png Graphic file (type png)

<use images/example.png>
Package pdftex.def Info: images/example.png used on input line 602.
(pdftex.def)             Requested size: 469.75499pt x 61.28958pt.
 [26] [27 <./images/example.png>] [28] [29] [30]
Chapter 3.
[31

] [32] <images/higher_order_mm.png, id=976, 662.475pt x 122.3772pt>
File: images/higher_order_mm.png Graphic file (type png)

<use images/higher_order_mm.png>
Package pdftex.def Info: images/higher_order_mm.png used on input line 667.
(pdftex.def)             Requested size: 469.75499pt x 86.77635pt.
 [33]
<images/higher_order_nhm.png, id=983, 696.201pt x 460.6008pt>
File: images/higher_order_nhm.png Graphic file (type png)

<use images/higher_order_nhm.png>
Package pdftex.def Info: images/higher_order_nhm.png used on input line 674.
(pdftex.def)             Requested size: 375.80542pt x 248.62935pt.
 [34 <./images/higher_order_mm.png>] [35 <./images/higher_order_nhm.png>] [36] 
[37] [38] [39]
<images/syntax_tree.png, id=1059, 352.1958pt x 205.7286pt>
File: images/syntax_tree.png Graphic file (type png)

<use images/syntax_tree.png>
Package pdftex.def Info: images/syntax_tree.png used on input line 808.
(pdftex.def)             Requested size: 328.82706pt x 192.08214pt.
 [40] [41 <./images/syntax_tree.png>]
<images/evaluative_results.png, id=1084, 524.6802pt x 293.898pt>
File: images/evaluative_results.png Graphic file (type png)

<use images/evaluative_results.png>
Package pdftex.def Info: images/evaluative_results.png used on input line 856.
(pdftex.def)             Requested size: 469.75499pt x 263.14244pt.
 [42 <./images/evaluative_results.png>]
[43] <images/monkeys_2.png, id=1102, 546.04pt x 97.36375pt>
File: images/monkeys_2.png Graphic file (type png)

<use images/monkeys_2.png>
Package pdftex.def Info: images/monkeys_2.png used on input line 909.
(pdftex.def)             Requested size: 469.75499pt x 83.76237pt.

<images/monkeys_3.png, id=1103, 546.04pt x 95.35625pt>
File: images/monkeys_3.png Graphic file (type png)

<use images/monkeys_3.png>
Package pdftex.def Info: images/monkeys_3.png used on input line 913.
(pdftex.def)             Requested size: 469.75499pt x 82.03531pt.
 [44 <./images/monkeys_2.png> <./images/monkeys_3.png>] [45]
Chapter 4.
[46

] <images/swexample.png, id=1140, 301.125pt x 421.575pt>
File: images/swexample.png Graphic file (type png)

<use images/swexample.png>
Package pdftex.def Info: images/swexample.png used on input line 956.
(pdftex.def)             Requested size: 281.85585pt x 394.63377pt.
 [47] [48 <./images/swexample.png (PNG copy)>]
Underfull \hbox (badness 4429) in paragraph at lines 984--984
[]|\OT1/cmr/m/n/10 (+20) the off-set in beats within mea-sure
 []


Overfull \hbox (1.4946pt too wide) in paragraph at lines 990--990
[]|$\OML/cmm/m/it/10 is[]harmony[]onset\OT1/cmr/m/n/10 (-20) (\OML/cmm/m/it/10 
E\OT1/cmr/m/n/10 (-20) )$| 
 []


Overfull \hbox (13.06496pt too wide) in paragraph at lines 979--992
 [][] 
 []

<images/music_sequence.png, id=1161, 609.27625pt x 91.84312pt>
File: images/music_sequence.png Graphic file (type png)

<use images/music_sequence.png>
Package pdftex.def Info: images/music_sequence.png used on input line 997.
(pdftex.def)             Requested size: 422.77661pt x 63.73196pt.
 [49] [50 <./images/music_sequence.png>]
[51]
<images/Twinkle__Twinkle__Little_Star_gen27_id137_pitch.jpeg, id=1181, 3556.286
25pt x 3635.5825pt>
File: images/Twinkle__Twinkle__Little_Star_gen27_id137_pitch.jpeg Graphic file 
(type jpg)

<use images/Twinkle__Twinkle__Little_Star_gen27_id137_pitch.jpeg>
Package pdftex.def Info: images/Twinkle__Twinkle__Little_Star_gen27_id137_pitch
.jpeg used on input line 1028.
(pdftex.def)             Requested size: 328.82706pt x 336.11969pt.

<images/Twinkle__Twinkle__Little_Star_gen1_id0_pitch.jpeg, id=1185, 3556.28625p
t x 3635.5825pt>
File: images/Twinkle__Twinkle__Little_Star_gen1_id0_pitch.jpeg Graphic file (ty
pe jpg)

<use images/Twinkle__Twinkle__Little_Star_gen1_id0_pitch.jpeg>
Package pdftex.def Info: images/Twinkle__Twinkle__Little_Star_gen1_id0_pitch.jp
eg used on input line 1043.
(pdftex.def)             Requested size: 75.16031pt x 76.8321pt.

<images/Twinkle__Twinkle__Little_Star_gen2_id20_pitch.jpeg, id=1186, 3556.28625
pt x 3635.5825pt>
File: images/Twinkle__Twinkle__Little_Star_gen2_id20_pitch.jpeg Graphic file (t
ype jpg)

<use images/Twinkle__Twinkle__Little_Star_gen2_id20_pitch.jpeg>
Package pdftex.def Info: images/Twinkle__Twinkle__Little_Star_gen2_id20_pitch.j
peg used on input line 1043.
(pdftex.def)             Requested size: 75.16031pt x 76.8321pt.

<images/Twinkle__Twinkle__Little_Star_gen9_id55_pitch.jpeg, id=1187, 3556.28625
pt x 3638.59375pt>
File: images/Twinkle__Twinkle__Little_Star_gen9_id55_pitch.jpeg Graphic file (t
ype jpg)

<use images/Twinkle__Twinkle__Little_Star_gen9_id55_pitch.jpeg>
Package pdftex.def Info: images/Twinkle__Twinkle__Little_Star_gen9_id55_pitch.j
peg used on input line 1043.
(pdftex.def)             Requested size: 75.16031pt x 76.89575pt.

<images/Twinkle__Twinkle__Little_Star_gen15_id79_pitch.jpeg, id=1188, 3556.2862
5pt x 3635.5825pt>
File: images/Twinkle__Twinkle__Little_Star_gen15_id79_pitch.jpeg Graphic file (
type jpg)

<use images/Twinkle__Twinkle__Little_Star_gen15_id79_pitch.jpeg>
Package pdftex.def Info: images/Twinkle__Twinkle__Little_Star_gen15_id79_pitch.
jpeg used on input line 1044.
(pdftex.def)             Requested size: 75.16031pt x 76.8321pt.

<images/Twinkle__Twinkle__Little_Star_gen23_id118_pitch.jpeg, id=1189, 3556.286
25pt x 3635.5825pt>
File: images/Twinkle__Twinkle__Little_Star_gen23_id118_pitch.jpeg Graphic file 
(type jpg)

<use images/Twinkle__Twinkle__Little_Star_gen23_id118_pitch.jpeg>
Package pdftex.def Info: images/Twinkle__Twinkle__Little_Star_gen23_id118_pitch
.jpeg used on input line 1044.
(pdftex.def)             Requested size: 75.16031pt x 76.8321pt.
File: images/Twinkle__Twinkle__Little_Star_gen27_id137_pitch.jpeg Graphic file 
(type jpg)

<use images/Twinkle__Twinkle__Little_Star_gen27_id137_pitch.jpeg>
Package pdftex.def Info: images/Twinkle__Twinkle__Little_Star_gen27_id137_pitch
.jpeg used on input line 1044.
(pdftex.def)             Requested size: 75.16031pt x 76.8321pt.

Overfull \hbox (5.20686pt too wide) in paragraph at lines 1042--1048
 [][] 
 []

[52] [53 <./images/Twinkle__Twinkle__Little_Star_gen27_id137_pitch.jpeg> <./ima
ges/Twinkle__Twinkle__Little_Star_gen1_id0_pitch.jpeg> <./images/Twinkle__Twink
le__Little_Star_gen2_id20_pitch.jpeg> <./images/Twinkle__Twinkle__Little_Star_g
en9_id55_pitch.jpeg> <./images/Twinkle__Twinkle__Little_Star_gen15_id79_pitch.j
peg> <./images/Twinkle__Twinkle__Little_Star_gen23_id118_pitch.jpeg>] [54]
[55] [56] [57] [58]
<images/Twinkle__Twinkle__Little_Star_gen5848_id631_harmony.jpeg, id=1225, 3556
.28625pt x 3638.59375pt>
File: images/Twinkle__Twinkle__Little_Star_gen5848_id631_harmony.jpeg Graphic f
ile (type jpg)

<use images/Twinkle__Twinkle__Little_Star_gen5848_id631_harmony.jpeg>
Package pdftex.def Info: images/Twinkle__Twinkle__Little_Star_gen5848_id631_har
mony.jpeg used on input line 1238.
(pdftex.def)             Requested size: 67.93398pt x 69.45601pt.

<images/Twinkle__Twinkle__Little_Star_gen5000_id544_pitch.jpeg, id=1226, 3556.2
8625pt x 3638.59375pt>
File: images/Twinkle__Twinkle__Little_Star_gen5000_id544_pitch.jpeg Graphic fil
e (type jpg)

<use images/Twinkle__Twinkle__Little_Star_gen5000_id544_pitch.jpeg>
Package pdftex.def Info: images/Twinkle__Twinkle__Little_Star_gen5000_id544_pit
ch.jpeg used on input line 1238.
(pdftex.def)             Requested size: 67.93398pt x 69.45601pt.

<images/Twinkle__Twinkle__Little_Star_gen10000_id784_rhythm.jpeg, id=1227, 3556
.28625pt x 3638.59375pt>
File: images/Twinkle__Twinkle__Little_Star_gen10000_id784_rhythm.jpeg Graphic f
ile (type jpg)

<use images/Twinkle__Twinkle__Little_Star_gen10000_id784_rhythm.jpeg>
Package pdftex.def Info: images/Twinkle__Twinkle__Little_Star_gen10000_id784_rh
ythm.jpeg used on input line 1238.
(pdftex.def)             Requested size: 67.93398pt x 69.45601pt.

<images/Twinkle__Twinkle__Little_Star_gen5000_id435_lyric.jpeg, id=1228, 3556.2
8625pt x 3638.59375pt>
File: images/Twinkle__Twinkle__Little_Star_gen5000_id435_lyric.jpeg Graphic fil
e (type jpg)

<use images/Twinkle__Twinkle__Little_Star_gen5000_id435_lyric.jpeg>
Package pdftex.def Info: images/Twinkle__Twinkle__Little_Star_gen5000_id435_lyr
ic.jpeg used on input line 1238.
(pdftex.def)             Requested size: 67.93398pt x 69.45601pt.

<images/Twinkle__Twinkle__Little_Star_gen5000_id399_chorus.jpeg, id=1229, 3556.
28625pt x 3638.59375pt>
File: images/Twinkle__Twinkle__Little_Star_gen5000_id399_chorus.jpeg Graphic fi
le (type jpg)

<use images/Twinkle__Twinkle__Little_Star_gen5000_id399_chorus.jpeg>
Package pdftex.def Info: images/Twinkle__Twinkle__Little_Star_gen5000_id399_cho
rus.jpeg used on input line 1238.
(pdftex.def)             Requested size: 67.93398pt x 69.45601pt.

<images/Twinkle__Twinkle__Little_Star_gen5000_id467_verse.jpeg, id=1230, 3556.2
8625pt x 3638.59375pt>
File: images/Twinkle__Twinkle__Little_Star_gen5000_id467_verse.jpeg Graphic fil
e (type jpg)

<use images/Twinkle__Twinkle__Little_Star_gen5000_id467_verse.jpeg>
Package pdftex.def Info: images/Twinkle__Twinkle__Little_Star_gen5000_id467_ver
se.jpeg used on input line 1238.
(pdftex.def)             Requested size: 67.93398pt x 69.45601pt.

<images/Over_the_Rainbow_gen5848_id631_harmony.jpeg, id=1231, 3556.28625pt x 36
39.5975pt>
File: images/Over_the_Rainbow_gen5848_id631_harmony.jpeg Graphic file (type jpg
)
 <use images/Over_the_Rainbow_gen5848_id631_harmony.jpeg>
Package pdftex.def Info: images/Over_the_Rainbow_gen5848_id631_harmony.jpeg use
d on input line 1240.
(pdftex.def)             Requested size: 67.93398pt x 69.47517pt.

<images/Over_the_Rainbow_gen5000_id544_pitch.jpeg, id=1232, 3556.28625pt x 3639
.5975pt>
File: images/Over_the_Rainbow_gen5000_id544_pitch.jpeg Graphic file (type jpg)
 <use images/Over_the_Rainbow_gen5000_id544_pitch.jpeg>
Package pdftex.def Info: images/Over_the_Rainbow_gen5000_id544_pitch.jpeg used 
on input line 1240.
(pdftex.def)             Requested size: 67.93398pt x 69.47517pt.

<images/Over_the_Rainbow_gen10000_id784_rhythm.jpeg, id=1233, 3556.28625pt x 36
39.5975pt>
File: images/Over_the_Rainbow_gen10000_id784_rhythm.jpeg Graphic file (type jpg
)
 <use images/Over_the_Rainbow_gen10000_id784_rhythm.jpeg>
Package pdftex.def Info: images/Over_the_Rainbow_gen10000_id784_rhythm.jpeg use
d on input line 1240.
(pdftex.def)             Requested size: 67.93398pt x 69.47517pt.

<images/Over_the_Rainbow_gen5000_id435_lyric.jpeg, id=1234, 3556.28625pt x 3639
.5975pt>
File: images/Over_the_Rainbow_gen5000_id435_lyric.jpeg Graphic file (type jpg)
 <use images/Over_the_Rainbow_gen5000_id435_lyric.jpeg>
Package pdftex.def Info: images/Over_the_Rainbow_gen5000_id435_lyric.jpeg used 
on input line 1240.
(pdftex.def)             Requested size: 67.93398pt x 69.47517pt.

<images/Over_the_Rainbow_gen5000_id399_chorus.jpeg, id=1235, 3556.28625pt x 363
9.5975pt>
File: images/Over_the_Rainbow_gen5000_id399_chorus.jpeg Graphic file (type jpg)

 <use images/Over_the_Rainbow_gen5000_id399_chorus.jpeg>
Package pdftex.def Info: images/Over_the_Rainbow_gen5000_id399_chorus.jpeg used
 on input line 1240.
(pdftex.def)             Requested size: 67.93398pt x 69.47517pt.

<images/Over_the_Rainbow_gen5000_id467_verse.jpeg, id=1236, 3556.28625pt x 3639
.5975pt>
File: images/Over_the_Rainbow_gen5000_id467_verse.jpeg Graphic file (type jpg)
 <use images/Over_the_Rainbow_gen5000_id467_verse.jpeg>
Package pdftex.def Info: images/Over_the_Rainbow_gen5000_id467_verse.jpeg used 
on input line 1240.
(pdftex.def)             Requested size: 67.93398pt x 69.47517pt.

<images/Hey_Jude_gen5848_id631_harmony.jpeg, id=1237, 3556.28625pt x 3640.60126
pt>
File: images/Hey_Jude_gen5848_id631_harmony.jpeg Graphic file (type jpg)
 <use images/Hey_Jude_gen5848_id631_harmony.jpeg>
Package pdftex.def Info: images/Hey_Jude_gen5848_id631_harmony.jpeg used on inp
ut line 1242.
(pdftex.def)             Requested size: 67.93398pt x 69.49434pt.

<images/Hey_Jude_gen5000_id544_pitch.jpeg, id=1238, 3556.28625pt x 3640.60126pt
>
File: images/Hey_Jude_gen5000_id544_pitch.jpeg Graphic file (type jpg)
 <use images/Hey_Jude_gen5000_id544_pitch.jpeg>
Package pdftex.def Info: images/Hey_Jude_gen5000_id544_pitch.jpeg used on input
 line 1242.
(pdftex.def)             Requested size: 67.93398pt x 69.49434pt.

<images/Hey_Jude_gen10000_id784_rhythm.jpeg, id=1239, 3556.28625pt x 3640.60126
pt>
File: images/Hey_Jude_gen10000_id784_rhythm.jpeg Graphic file (type jpg)
 <use images/Hey_Jude_gen10000_id784_rhythm.jpeg>
Package pdftex.def Info: images/Hey_Jude_gen10000_id784_rhythm.jpeg used on inp
ut line 1242.
(pdftex.def)             Requested size: 67.93398pt x 69.49434pt.

<images/Hey_Jude_gen5000_id435_lyric.jpeg, id=1240, 3556.28625pt x 3640.60126pt
>
File: images/Hey_Jude_gen5000_id435_lyric.jpeg Graphic file (type jpg)
 <use images/Hey_Jude_gen5000_id435_lyric.jpeg>
Package pdftex.def Info: images/Hey_Jude_gen5000_id435_lyric.jpeg used on input
 line 1242.
(pdftex.def)             Requested size: 67.93398pt x 69.49434pt.

<images/Hey_Jude_gen5000_id399_chorus.jpeg, id=1241, 3556.28625pt x 3640.60126p
t>
File: images/Hey_Jude_gen5000_id399_chorus.jpeg Graphic file (type jpg)
 <use images/Hey_Jude_gen5000_id399_chorus.jpeg>
Package pdftex.def Info: images/Hey_Jude_gen5000_id399_chorus.jpeg used on inpu
t line 1242.
(pdftex.def)             Requested size: 67.93398pt x 69.49434pt.

<images/Hey_Jude_gen5000_id467_verse.jpeg, id=1242, 3556.28625pt x 3640.60126pt
>
File: images/Hey_Jude_gen5000_id467_verse.jpeg Graphic file (type jpg)
 <use images/Hey_Jude_gen5000_id467_verse.jpeg>
Package pdftex.def Info: images/Hey_Jude_gen5000_id467_verse.jpeg used on input
 line 1242.
(pdftex.def)             Requested size: 67.93398pt x 69.49434pt.

<images/Take_Me_Home__Country_Roads_gen5848_id631_harmony.jpeg, id=1243, 3556.2
8625pt x 3640.60126pt>
File: images/Take_Me_Home__Country_Roads_gen5848_id631_harmony.jpeg Graphic fil
e (type jpg)

<use images/Take_Me_Home__Country_Roads_gen5848_id631_harmony.jpeg>
Package pdftex.def Info: images/Take_Me_Home__Country_Roads_gen5848_id631_harmo
ny.jpeg used on input line 1244.
(pdftex.def)             Requested size: 67.93398pt x 69.49434pt.

<images/Take_Me_Home__Country_Roads_gen5000_id544_pitch.jpeg, id=1244, 3556.286
25pt x 3640.60126pt>
File: images/Take_Me_Home__Country_Roads_gen5000_id544_pitch.jpeg Graphic file 
(type jpg)

<use images/Take_Me_Home__Country_Roads_gen5000_id544_pitch.jpeg>
Package pdftex.def Info: images/Take_Me_Home__Country_Roads_gen5000_id544_pitch
.jpeg used on input line 1244.
(pdftex.def)             Requested size: 67.93398pt x 69.49434pt.

<images/Take_Me_Home__Country_Roads_gen10000_id784_rhythm.jpeg, id=1245, 3556.2
8625pt x 3640.60126pt>
File: images/Take_Me_Home__Country_Roads_gen10000_id784_rhythm.jpeg Graphic fil
e (type jpg)

<use images/Take_Me_Home__Country_Roads_gen10000_id784_rhythm.jpeg>
Package pdftex.def Info: images/Take_Me_Home__Country_Roads_gen10000_id784_rhyt
hm.jpeg used on input line 1244.
(pdftex.def)             Requested size: 67.93398pt x 69.49434pt.

<images/Take_Me_Home__Country_Roads_gen5000_id435_lyric.jpeg, id=1246, 3556.286
25pt x 3640.60126pt>
File: images/Take_Me_Home__Country_Roads_gen5000_id435_lyric.jpeg Graphic file 
(type jpg)

<use images/Take_Me_Home__Country_Roads_gen5000_id435_lyric.jpeg>
Package pdftex.def Info: images/Take_Me_Home__Country_Roads_gen5000_id435_lyric
.jpeg used on input line 1244.
(pdftex.def)             Requested size: 67.93398pt x 69.49434pt.

<images/Take_Me_Home__Country_Roads_gen5000_id399_chorus.jpeg, id=1247, 3556.28
625pt x 3640.60126pt>
File: images/Take_Me_Home__Country_Roads_gen5000_id399_chorus.jpeg Graphic file
 (type jpg)

<use images/Take_Me_Home__Country_Roads_gen5000_id399_chorus.jpeg>
Package pdftex.def Info: images/Take_Me_Home__Country_Roads_gen5000_id399_choru
s.jpeg used on input line 1244.
(pdftex.def)             Requested size: 67.93398pt x 69.49434pt.

<images/Take_Me_Home__Country_Roads_gen5000_id467_verse.jpeg, id=1248, 3556.286
25pt x 3640.60126pt>
File: images/Take_Me_Home__Country_Roads_gen5000_id467_verse.jpeg Graphic file 
(type jpg)

<use images/Take_Me_Home__Country_Roads_gen5000_id467_verse.jpeg>
Package pdftex.def Info: images/Take_Me_Home__Country_Roads_gen5000_id467_verse
.jpeg used on input line 1244.
(pdftex.def)             Requested size: 67.93398pt x 69.49434pt.

<images/Imagine_gen5848_id631_harmony.jpeg, id=1249, 3556.28625pt x 3640.60126p
t>
File: images/Imagine_gen5848_id631_harmony.jpeg Graphic file (type jpg)
 <use images/Imagine_gen5848_id631_harmony.jpeg>
Package pdftex.def Info: images/Imagine_gen5848_id631_harmony.jpeg used on inpu
t line 1246.
(pdftex.def)             Requested size: 67.93398pt x 69.49434pt.

<images/Imagine_gen5000_id544_pitch.jpeg, id=1250, 3556.28625pt x 3640.60126pt>
File: images/Imagine_gen5000_id544_pitch.jpeg Graphic file (type jpg)
<use images/Imagine_gen5000_id544_pitch.jpeg>
Package pdftex.def Info: images/Imagine_gen5000_id544_pitch.jpeg used on input 
line 1246.
(pdftex.def)             Requested size: 67.93398pt x 69.49434pt.

<images/Imagine_gen10000_id784_rhythm.jpeg, id=1251, 3556.28625pt x 3640.60126p
t>
File: images/Imagine_gen10000_id784_rhythm.jpeg Graphic file (type jpg)
 <use images/Imagine_gen10000_id784_rhythm.jpeg>
Package pdftex.def Info: images/Imagine_gen10000_id784_rhythm.jpeg used on inpu
t line 1246.
(pdftex.def)             Requested size: 67.93398pt x 69.49434pt.

<images/Imagine_gen5000_id435_lyric.jpeg, id=1252, 3556.28625pt x 3640.60126pt>
File: images/Imagine_gen5000_id435_lyric.jpeg Graphic file (type jpg)
<use images/Imagine_gen5000_id435_lyric.jpeg>
Package pdftex.def Info: images/Imagine_gen5000_id435_lyric.jpeg used on input 
line 1246.
(pdftex.def)             Requested size: 67.93398pt x 69.49434pt.

<images/Imagine_gen5000_id399_chorus.jpeg, id=1253, 3556.28625pt x 3640.60126pt
>
File: images/Imagine_gen5000_id399_chorus.jpeg Graphic file (type jpg)
 <use images/Imagine_gen5000_id399_chorus.jpeg>
Package pdftex.def Info: images/Imagine_gen5000_id399_chorus.jpeg used on input
 line 1246.
(pdftex.def)             Requested size: 67.93398pt x 69.49434pt.

<images/Imagine_gen5000_id467_verse.jpeg, id=1254, 3556.28625pt x 3640.60126pt>
File: images/Imagine_gen5000_id467_verse.jpeg Graphic file (type jpg)
<use images/Imagine_gen5000_id467_verse.jpeg>
Package pdftex.def Info: images/Imagine_gen5000_id467_verse.jpeg used on input 
line 1246.
(pdftex.def)             Requested size: 67.93398pt x 69.49434pt.

Overfull \hbox (2.21129pt too wide) in paragraph at lines 1235--1249
 [][] 
 []

[59] [60 <./images/Twinkle__Twinkle__Little_Star_gen5848_id631_harmony.jpeg> <.
/images/Twinkle__Twinkle__Little_Star_gen5000_id544_pitch.jpeg> <./images/Twink
le__Twinkle__Little_Star_gen10000_id784_rhythm.jpeg> <./images/Twinkle__Twinkle
__Little_Star_gen5000_id435_lyric.jpeg> <./images/Twinkle__Twinkle__Little_Star
_gen5000_id399_chorus.jpeg> <./images/Twinkle__Twinkle__Little_Star_gen5000_id4
67_verse.jpeg> <./images/Over_the_Rainbow_gen5848_id631_harmony.jpeg> <./images
/Over_the_Rainbow_gen5000_id544_pitch.jpeg> <./images/Over_the_Rainbow_gen10000
_id784_rhythm.jpeg> <./images/Over_the_Rainbow_gen5000_id435_lyric.jpeg> <./ima
ges/Over_the_Rainbow_gen5000_id399_chorus.jpeg> <./images/Over_the_Rainbow_gen5
000_id467_verse.jpeg> <./images/Hey_Jude_gen5848_id631_harmony.jpeg> <./images/
Hey_Jude_gen5000_id544_pitch.jpeg> <./images/Hey_Jude_gen10000_id784_rhythm.jpe
g> <./images/Hey_Jude_gen5000_id435_lyric.jpeg> <./images/Hey_Jude_gen5000_id39
9_chorus.jpeg> <./images/Hey_Jude_gen5000_id467_verse.jpeg> <./images/Take_Me_H
ome__Country_Roads_gen5848_id631_harmony.jpeg> <./images/Take_Me_Home__Country_
Roads_gen5000_id544_pitch.jpeg> <./images/Take_Me_Home__Country_Roads_gen10000_
id784_rhythm.jpeg> <./images/Take_Me_Home__Country_Roads_gen5000_id435_lyric.jp
eg> <./images/Take_Me_Home__Country_Roads_gen5000_id399_chorus.jpeg> <./images/
Take_Me_Home__Country_Roads_gen5000_id467_verse.jpeg> <./images/Imagine_gen5848
_id631_harmony.jpeg> <./images/Imagine_gen5000_id544_pitch.jpeg> <./images/Imag
ine_gen10000_id784_rhythm.jpeg> <./images/Imagine_gen5000_id435_lyric.jpeg> <./
images/Imagine_gen5000_id399_chorus.jpeg> <./images/Imagine_gen5000_id467_verse
.jpeg>] [61] [62]
Chapter 5.
[63

] [64] [65]
Package hyperref Info: bookmark level for unknown algorithm defaults to 0 on in
put line 1333.
 <images/DFA.jpg, id=1312, 2994.18625pt x 1329.96875pt>
File: images/DFA.jpg Graphic file (type jpg)

<use images/DFA.jpg>
Package pdftex.def Info: images/DFA.jpg used on input line 1428.
(pdftex.def)             Requested size: 375.80542pt x 166.91537pt.
 [66] [67] [68 <./images/DFA.jpg>]
<images/markov.jpg, id=1333, 2227.32124pt x 682.55pt>
File: images/markov.jpg Graphic file (type jpg)
 <use images/markov.jpg>
Package pdftex.def Info: images/markov.jpg used on input line 1441.
(pdftex.def)             Requested size: 469.75499pt x 143.94379pt.

[69 <./images/markov.jpg>] [70] [71]
Underfull \hbox (badness 10000) in paragraph at lines 1506--1507

 []

<images/ssMarkov.jpg, id=1359, 2258.4375pt x 747.79375pt>
File: images/ssMarkov.jpg Graphic file (type jpg)

<use images/ssMarkov.jpg>
Package pdftex.def Info: images/ssMarkov.jpg used on input line 1528.
(pdftex.def)             Requested size: 469.75499pt x 155.53514pt.

<images/sampleTimeByCountlegend.png, id=1366, 720.291pt x 375.3222pt>
File: images/sampleTimeByCountlegend.png Graphic file (type png)

<use images/sampleTimeByCountlegend.png>
Package pdftex.def Info: images/sampleTimeByCountlegend.png used on input line 
1535.
(pdftex.def)             Requested size: 469.75499pt x 244.7755pt.

<images/sampleTimeByLengthlegend.png, id=1367, 720.291pt x 349.305pt>
File: images/sampleTimeByLengthlegend.png Graphic file (type png)

<use images/sampleTimeByLengthlegend.png>
Package pdftex.def Info: images/sampleTimeByLengthlegend.png used on input line
 1542.
(pdftex.def)             Requested size: 469.75499pt x 227.80774pt.
 [72] [73 <./images/ssMarkov.jpg> <./images/sampleTimeByCountlegend.png>]
<images/structure.jpg, id=1380, 2742.245pt x 651.43375pt>
File: images/structure.jpg Graphic file (type jpg)

<use images/structure.jpg>
Package pdftex.def Info: images/structure.jpg used on input line 1555.
(pdftex.def)             Requested size: 469.75499pt x 111.58717pt.

<images/Song.jpg, id=1381, 3241.10875pt x 1568.86125pt>
File: images/Song.jpg Graphic file (type jpg)
 <use images/Song.jpg>
Package pdftex.def Info: images/Song.jpg used on input line 1563.
(pdftex.def)             Requested size: 375.80542pt x 181.88748pt.

[74 <./images/sampleTimeByLengthlegend.png>] [75 <./images/structure.jpg> <./im
ages/Song.jpg>] [76] [77] [78]
Chapter 6.
[79

] [80] [81] [82] [83] [84] [85] [86] [87] [88] [89]
<images/head.png, id=1584, 941.4372pt x 1001.6622pt>
File: images/head.png Graphic file (type png)
 <use images/head.png>
Package pdftex.def Info: images/head.png used on input line 1750.
(pdftex.def)             Requested size: 469.75499pt x 499.80583pt.

[90] [91 <./images/head.png>] [92]
<images/state_sensitive_nhmm.pdf, id=1611, 1324.95pt x 688.5725pt>
File: images/state_sensitive_nhmm.pdf Graphic file (type pdf)

<use images/state_sensitive_nhmm.pdf>
Package pdftex.def Info: images/state_sensitive_nhmm.pdf used on input line 179
7.
(pdftex.def)             Requested size: 469.75499pt x 244.12448pt.
 [93] [94 <./images/state_sensitive_nhmm.pdf>] [95] [96] [97]
<images/graphical_model.png, id=1665, 935.1738pt x 537.6888pt>
File: images/graphical_model.png Graphic file (type png)

<use images/graphical_model.png>
Package pdftex.def Info: images/graphical_model.png used on input line 1857.
(pdftex.def)             Requested size: 281.85585pt x 162.05449pt.
 [98 <./images/graphical_model.png>] [99]
File: images/structure.jpg Graphic file (type jpg)

<use images/structure.jpg>
Package pdftex.def Info: images/structure.jpg used on input line 1903.
(pdftex.def)             Requested size: 469.75499pt x 111.58717pt.
 [100] [101] [102] [103] [104]
<images/And_I_Think.png, id=1716, 1603.9122pt x 903.375pt>
File: images/And_I_Think.png Graphic file (type png)

<use images/And_I_Think.png>
Package pdftex.def Info: images/And_I_Think.png used on input line 1957.
(pdftex.def)             Requested size: 469.75499pt x 264.57729pt.
 [105] [106 <./images/And_I_Think.png>] [107]
[108] [109] [110] [111] [112] [113] [114] [115] [116]
Underfull \hbox (badness 10000) in paragraph at lines 2143--2145

 []

[117] [118]
Underfull \hbox (badness 10000) in paragraph at lines 2158--2160

 []

[119] [120]
Chapter 7.
[121

] [122] [123] (./main.bbl [124] [125] [126

] [127] [128] [129] [130]
[131] [132])
Package atveryend Info: Empty hook `BeforeClearDocument' on input line 2203.
 [133]
Package atveryend Info: Empty hook `AfterLastShipout' on input line 2203.
 (./main.aux)
Package atveryend Info: Executing hook `AtVeryEndDocument' on input line 2203.
Package atveryend Info: Executing hook `AtEndAfterFileList' on input line 2203.

Package rerunfilecheck Info: File `main.out' has not changed.
(rerunfilecheck)             Checksum: BB32179C8D4412C42A67CEB519E32454;4786.


LaTeX Warning: There were multiply-defined labels.

Package atveryend Info: Empty hook `AtVeryVeryEnd' on input line 2203.
 )
(\end occurred inside a group at level 2)

### semi simple group (level 2) entered at line 2202 (\begingroup)
### semi simple group (level 1) entered at line 280 (\begingroup)
### bottom level 
Here is how much of TeX's memory you used:
 12725 strings out of 493014
 198110 string characters out of 6133351
 385912 words of memory out of 5000000
 15313 multiletter control sequences out of 15000+600000
 26170 words of font info for 199 fonts, out of 8000000 for 9000
 1141 hyphenation exceptions out of 8191
 41i,22n,46p,1579b,1619s stack positions out of 5000i,500n,10000p,200000b,80000s
</usr/local/texlive/2016/texmf-dist/fonts/type1/public/amsfonts
/cm/cmbx10.pfb></usr/local/texlive/2016/texmf-dist/fonts/type1/public/amsfonts/
cm/cmbx12.pfb></usr/local/texlive/2016/texmf-dist/fonts/type1/public/amsfonts/c
m/cmbx8.pfb></usr/local/texlive/2016/texmf-dist/fonts/type1/public/amsfonts/cm/
cmbxti10.pfb></usr/local/texlive/2016/texmf-dist/fonts/type1/public/amsfonts/cm
/cmcsc10.pfb></usr/local/texlive/2016/texmf-dist/fonts/type1/public/amsfonts/cm
/cmex10.pfb></usr/local/texlive/2016/texmf-dist/fonts/type1/public/amsfonts/cm/
cmmi10.pfb></usr/local/texlive/2016/texmf-dist/fonts/type1/public/amsfonts/cm/c
mmi12.pfb></usr/local/texlive/2016/texmf-dist/fonts/type1/public/amsfonts/cm/cm
mi6.pfb></usr/local/texlive/2016/texmf-dist/fonts/type1/public/amsfonts/cm/cmmi
7.pfb></usr/local/texlive/2016/texmf-dist/fonts/type1/public/amsfonts/cm/cmmi8.
pfb></usr/local/texlive/2016/texmf-dist/fonts/type1/public/amsfonts/cm/cmr10.pf
b></usr/local/texlive/2016/texmf-dist/fonts/type1/public/amsfonts/cm/cmr12.pfb>
</usr/local/texlive/2016/texmf-dist/fonts/type1/public/amsfonts/cm/cmr6.pfb></u
sr/local/texlive/2016/texmf-dist/fonts/type1/public/amsfonts/cm/cmr7.pfb></usr/
local/texlive/2016/texmf-dist/fonts/type1/public/amsfonts/cm/cmr8.pfb></usr/loc
al/texlive/2016/texmf-dist/fonts/type1/public/amsfonts/cm/cmsy10.pfb></usr/loca
l/texlive/2016/texmf-dist/fonts/type1/public/amsfonts/cm/cmsy6.pfb></usr/local/
texlive/2016/texmf-dist/fonts/type1/public/amsfonts/cm/cmsy8.pfb></usr/local/te
xlive/2016/texmf-dist/fonts/type1/public/amsfonts/cm/cmti10.pfb></usr/local/tex
live/2016/texmf-dist/fonts/type1/public/amsfonts/cm/cmti12.pfb></usr/local/texl
ive/2016/texmf-dist/fonts/type1/public/amsfonts/cm/cmti8.pfb></usr/local/texliv
e/2016/texmf-dist/fonts/type1/public/amsfonts/cm/cmtt10.pfb></usr/local/texlive
/2016/texmf-dist/fonts/type1/public/amsfonts/cm/cmtt12.pfb></usr/local/texlive/
2016/texmf-dist/fonts/type1/public/amsfonts/symbols/msbm10.pfb>
Output written on main.pdf (151 pages, 53732135 bytes).
PDF statistics:
 2081 PDF objects out of 2487 (max. 8388607)
 1791 compressed objects within 18 object streams
 431 named destinations out of 1000 (max. 500000)
 23860 words of extra memory for PDF output out of 24883 (max. 10000000)

